<?xml version="1.0" encoding="UTF-8"?>
<!-- Generated by org.testng.reporters.JUnitXMLReporter -->
<testsuite ignored="0" hostname="DESKTOP-2Q8FA74" failures="0" tests="6" name="Default test" time="11.159" errors="0" timestamp="2024-08-24T14:57:53 BST">
  <testcase classname="api.test.DDTests" name="testPostUser" time="4.609"/>
  <testcase classname="api.test.DDTests" name="testPostUser" time="0.614"/>
  <testcase classname="api.test.DDTests" name="testPostUser" time="0.621"/>
  <testcase classname="api.test.DDTests" name="testDeleteUserByName" time="0.666"/>
  <testcase classname="api.test.DDTests" name="testDeleteUserByName" time="0.81"/>
  <testcase classname="api.test.DDTests" name="testDeleteUserByName" time="0.594"/>
</testsuite> <!-- Default test -->
