<?xml version="1.0" encoding="UTF-8"?>
<testng-results ignored="0" total="4" passed="4" failed="0" skipped="0">
  <reporter-output>
  </reporter-output>
  <suite started-at="2024-08-24T18:52:41 BST" name="PetSuite" finished-at="2024-08-24T18:52:49 BST" duration-ms="8176">
    <groups>
    </groups>
    <test started-at="2024-08-24T18:52:41 BST" name="PetTests" finished-at="2024-08-24T18:52:49 BST" duration-ms="8176">
      <class name="api.test.UserTest2">
        <test-method is-config="true" signature="setup()[pri:0, instance:api.test.UserTest2@1fa268de]" started-at="2024-08-24T18:52:42 BST" name="setup" finished-at="2024-08-24T18:52:43 BST" duration-ms="1328" status="PASS">
          <reporter-output>
          </reporter-output>
        </test-method> <!-- setup -->
        <test-method signature="testPostUser()[pri:1, instance:api.test.UserTest2@1fa268de]" started-at="2024-08-24T18:52:43 BST" name="testPostUser" finished-at="2024-08-24T18:52:47 BST" duration-ms="3972" status="PASS">
          <reporter-output>
          </reporter-output>
        </test-method> <!-- testPostUser -->
        <test-method signature="testGetUserByName()[pri:2, instance:api.test.UserTest2@1fa268de]" started-at="2024-08-24T18:52:47 BST" name="testGetUserByName" finished-at="2024-08-24T18:52:48 BST" duration-ms="672" status="PASS">
          <reporter-output>
          </reporter-output>
        </test-method> <!-- testGetUserByName -->
        <test-method signature="testUpdateuserByName()[pri:3, instance:api.test.UserTest2@1fa268de]" started-at="2024-08-24T18:52:48 BST" name="testUpdateuserByName" finished-at="2024-08-24T18:52:49 BST" duration-ms="1157" status="PASS">
          <reporter-output>
          </reporter-output>
        </test-method> <!-- testUpdateuserByName -->
        <test-method signature="testDeleteUserByName()[pri:4, instance:api.test.UserTest2@1fa268de]" started-at="2024-08-24T18:52:49 BST" name="testDeleteUserByName" finished-at="2024-08-24T18:52:49 BST" duration-ms="625" status="PASS">
          <reporter-output>
          </reporter-output>
        </test-method> <!-- testDeleteUserByName -->
      </class> <!-- api.test.UserTest2 -->
    </test> <!-- PetTests -->
  </suite> <!-- PetSuite -->
</testng-results>
