<?xml version="1.0" encoding="UTF-8"?>
<testng-results ignored="0" total="4" passed="4" failed="0" skipped="0">
  <reporter-output>
  </reporter-output>
  <suite started-at="2024-08-24T18:15:28 BST" name="PetSuite" finished-at="2024-08-24T18:15:37 BST" duration-ms="9592">
    <groups>
    </groups>
    <test started-at="2024-08-24T18:15:28 BST" name="PetTests" finished-at="2024-08-24T18:15:37 BST" duration-ms="9592">
      <class name="api.test.UserTest2">
        <test-method is-config="true" signature="setup()[pri:0, instance:api.test.UserTest2@5b7a5baa]" started-at="2024-08-24T18:15:28 BST" name="setup" finished-at="2024-08-24T18:15:30 BST" duration-ms="1574" status="PASS">
          <reporter-output>
          </reporter-output>
        </test-method> <!-- setup -->
        <test-method signature="testPostUser()[pri:1, instance:api.test.UserTest2@5b7a5baa]" started-at="2024-08-24T18:15:30 BST" name="testPostUser" finished-at="2024-08-24T18:15:34 BST" duration-ms="4543" status="PASS">
          <reporter-output>
          </reporter-output>
        </test-method> <!-- testPostUser -->
        <test-method signature="testGetUserByName()[pri:2, instance:api.test.UserTest2@5b7a5baa]" started-at="2024-08-24T18:15:34 BST" name="testGetUserByName" finished-at="2024-08-24T18:15:35 BST" duration-ms="905" status="PASS">
          <reporter-output>
          </reporter-output>
        </test-method> <!-- testGetUserByName -->
        <test-method signature="testUpdateuserByName()[pri:3, instance:api.test.UserTest2@5b7a5baa]" started-at="2024-08-24T18:15:35 BST" name="testUpdateuserByName" finished-at="2024-08-24T18:15:36 BST" duration-ms="1289" status="PASS">
          <reporter-output>
          </reporter-output>
        </test-method> <!-- testUpdateuserByName -->
        <test-method signature="testDeleteUserByName()[pri:4, instance:api.test.UserTest2@5b7a5baa]" started-at="2024-08-24T18:15:37 BST" name="testDeleteUserByName" finished-at="2024-08-24T18:15:37 BST" duration-ms="629" status="PASS">
          <reporter-output>
          </reporter-output>
        </test-method> <!-- testDeleteUserByName -->
      </class> <!-- api.test.UserTest2 -->
    </test> <!-- PetTests -->
  </suite> <!-- PetSuite -->
</testng-results>
