<?xml version="1.0" encoding="UTF-8"?>
<!-- Generated by org.testng.reporters.JUnitXMLReporter -->
<testsuite ignored="0" hostname="DESKTOP-2Q8FA74" failures="0" tests="4" name="PetTests" time="8.176" errors="0" timestamp="2024-08-24T18:52:50 BST">
  <testcase classname="api.test.UserTest2" name="testPostUser" time="3.972"/>
  <testcase classname="api.test.UserTest2" name="testGetUserByName" time="0.672"/>
  <testcase classname="api.test.UserTest2" name="testUpdateuserByName" time="1.157"/>
  <testcase classname="api.test.UserTest2" name="testDeleteUserByName" time="0.625"/>
</testsuite> <!-- PetTests -->
