<?xml version="1.0" encoding="UTF-8"?>
<!-- Generated by org.testng.reporters.JUnitXMLReporter -->
<testsuite ignored="0" hostname="DESKTOP-2Q8FA74" failures="0" tests="4" name="PetTests" time="9.592" errors="0" timestamp="2024-08-24T18:15:38 BST">
  <testcase classname="api.test.UserTest2" name="testPostUser" time="4.543"/>
  <testcase classname="api.test.UserTest2" name="testGetUserByName" time="0.905"/>
  <testcase classname="api.test.UserTest2" name="testUpdateuserByName" time="1.289"/>
  <testcase classname="api.test.UserTest2" name="testDeleteUserByName" time="0.629"/>
</testsuite> <!-- PetTests -->
